# JRE version: Java(TM) SE Runtime Environment (8.0_65-b17) (build 1.8.0_65-b17)
# Java VM: Java HotSpot(TM) 64-Bit Server VM (25.65-b01 mixed mode windows-amd64 compressed oops)
Heap:
 PSYoungGen      total 185344K, used 11994K [0x00000000e0000000, 0x00000000eec80000, 0x0000000100000000)
  eden space 136704K, 6% used [0x00000000e0000000,0x00000000e087e1a0,0x00000000e8580000)
  from space 48640K, 6% used [0x00000000ebd00000,0x00000000ec0386e0,0x00000000eec80000)
  to   space 52736K, 0% used [0x00000000e8580000,0x00000000e8580000,0x00000000eb900000)
 ParOldGen       total 151040K, used 112733K [0x00000000a0000000, 0x00000000a9380000, 0x00000000e0000000)
  object space 151040K, 74% used [0x00000000a0000000,0x00000000a6e17588,0x00000000a9380000)
 Metaspace       used 75657K, capacity 81684K, committed 81812K, reserved 1120256K
  class space    used 9924K, capacity 10825K, committed 10940K, reserved 1048576K
GC Heap History (10 events):
Event: 2826.470 GC heap before
{Heap before GC invocations=41 (full 3):
 PSYoungGen      total 212992K, used 182315K [0x00000000e0000000, 0x00000000f1600000, 0x0000000100000000)
  eden space 158208K, 100% used [0x00000000e0000000,0x00000000e9a80000,0x00000000e9a80000)
  from space 54784K, 44% used [0x00000000e9a80000,0x00000000eb20ac08,0x00000000ed000000)
  to   space 52224K, 0% used [0x00000000ee300000,0x00000000ee300000,0x00000000f1600000)
 ParOldGen       total 151040K, used 98627K [0x00000000a0000000, 0x00000000a9380000, 0x00000000e0000000)
  object space 151040K, 65% used [0x00000000a0000000,0x00000000a6050e00,0x00000000a9380000)
 Metaspace       used 74926K, capacity 80810K, committed 80916K, reserved 1120256K
  class space    used 9869K, capacity 10742K, committed 10812K, reserved 1048576K
Event: 2826.518 GC heap after
Heap after GC invocations=41 (full 3):
 PSYoungGen      total 179200K, used 10640K [0x00000000e0000000, 0x00000000efc00000, 0x0000000100000000)
  eden space 153600K, 0% used [0x00000000e0000000,0x00000000e0000000,0x00000000e9600000)
  from space 25600K, 41% used [0x00000000ee300000,0x00000000eed64020,0x00000000efc00000)
  to   space 52224K, 0% used [0x00000000e9600000,0x00000000e9600000,0x00000000ec900000)
 ParOldGen       total 151040K, used 112709K [0x00000000a0000000, 0x00000000a9380000, 0x00000000e0000000)
  object space 151040K, 74% used [0x00000000a0000000,0x00000000a6e11588,0x00000000a9380000)
 Metaspace       used 74926K, capacity 80810K, committed 80916K, reserved 1120256K
  class space    used 9869K, capacity 10742K, committed 10812K, reserved 1048576K
}
Event: 2904.369 GC heap before
{Heap before GC invocations=42 (full 3):
 PSYoungGen      total 179200K, used 164240K [0x00000000e0000000, 0x00000000efc00000, 0x0000000100000000)
  eden space 153600K, 100% used [0x00000000e0000000,0x00000000e9600000,0x00000000e9600000)
  from space 25600K, 41% used [0x00000000ee300000,0x00000000eed64020,0x00000000efc00000)
  to   space 52224K, 0% used [0x00000000e9600000,0x00000000e9600000,0x00000000ec900000)
 ParOldGen       total 151040K, used 112709K [0x00000000a0000000, 0x00000000a9380000, 0x00000000e0000000)
  object space 151040K, 74% used [0x00000000a0000000,0x00000000a6e11588,0x00000000a9380000)
 Metaspace       used 75317K, capacity 81318K, committed 81556K, reserved 1120256K
  class space    used 9915K, capacity 10814K, committed 10940K, reserved 1048576K
Event: 2904.385 GC heap after
Heap after GC invocations=42 (full 3):
 PSYoungGen      total 158208K, used 8767K [0x00000000e0000000, 0x00000000ef780000, 0x0000000100000000)
  eden space 148992K, 0% used [0x00000000e0000000,0x00000000e0000000,0x00000000e9180000)
  from space 9216K, 95% used [0x00000000e9600000,0x00000000e9e8fc50,0x00000000e9f00000)
  to   space 52224K, 0% used [0x00000000ec480000,0x00000000ec480000,0x00000000ef780000)
 ParOldGen       total 151040K, used 112717K [0x00000000a0000000, 0x00000000a9380000, 0x00000000e0000000)
  object space 151040K, 74% used [0x00000000a0000000,0x00000000a6e13588,0x00000000a9380000)
 Metaspace       used 75317K, capacity 81318K, committed 81556K, reserved 1120256K
  class space    used 9915K, capacity 10814K, committed 10940K, reserved 1048576K
}
Event: 2913.323 GC heap before
{Heap before GC invocations=43 (full 3):
 PSYoungGen      total 158208K, used 157759K [0x00000000e0000000, 0x00000000ef780000, 0x0000000100000000)
  eden space 148992K, 100% used [0x00000000e0000000,0x00000000e9180000,0x00000000e9180000)
  from space 9216K, 95% used [0x00000000e9600000,0x00000000e9e8fc50,0x00000000e9f00000)
  to   space 52224K, 0% used [0x00000000ec480000,0x00000000ec480000,0x00000000ef780000)
 ParOldGen       total 151040K, used 112717K [0x00000000a0000000, 0x00000000a9380000, 0x00000000e0000000)
  object space 151040K, 74% used [0x00000000a0000000,0x00000000a6e13588,0x00000000a9380000)
 Metaspace       used 75446K, capacity 81446K, committed 81812K, reserved 1120256K
  class space    used 9915K, capacity 10814K, committed 10940K, reserved 1048576K
Event: 2913.340 GC heap after
Heap after GC invocations=43 (full 3):
 PSYoungGen      total 193024K, used 6999K [0x00000000e0000000, 0x00000000ef380000, 0x0000000100000000)
  eden space 144896K, 0% used [0x00000000e0000000,0x00000000e0000000,0x00000000e8d80000)
  from space 48128K, 14% used [0x00000000ec480000,0x00000000ecb55c90,0x00000000ef380000)
  to   space 52224K, 0% used [0x00000000e8d80000,0x00000000e8d80000,0x00000000ec080000)
 ParOldGen       total 151040K, used 112725K [0x00000000a0000000, 0x00000000a9380000, 0x00000000e0000000)
  object space 151040K, 74% used [0x00000000a0000000,0x00000000a6e15588,0x00000000a9380000)
 Metaspace       used 75446K, capacity 81446K, committed 81812K, reserved 1120256K
  class space    used 9915K, capacity 10814K, committed 10940K, reserved 1048576K
}
Event: 2916.994 GC heap before
{Heap before GC invocations=44 (full 3):
 PSYoungGen      total 193024K, used 151895K [0x00000000e0000000, 0x00000000ef380000, 0x0000000100000000)
  eden space 144896K, 100% used [0x00000000e0000000,0x00000000e8d80000,0x00000000e8d80000)
  from space 48128K, 14% used [0x00000000ec480000,0x00000000ecb55c90,0x00000000ef380000)
  to   space 52224K, 0% used [0x00000000e8d80000,0x00000000e8d80000,0x00000000ec080000)
 ParOldGen       total 151040K, used 112725K [0x00000000a0000000, 0x00000000a9380000, 0x00000000e0000000)
  object space 151040K, 74% used [0x00000000a0000000,0x00000000a6e15588,0x00000000a9380000)
 Metaspace       used 75559K, capacity 81578K, committed 81812K, reserved 1120256K
  class space    used 9915K, capacity 10814K, committed 10940K, reserved 1048576K
Event: 2917.042 GC heap after
Heap after GC invocations=44 (full 3):
 PSYoungGen      total 172032K, used 30814K [0x00000000e0000000, 0x00000000ef080000, 0x0000000100000000)
  eden space 140800K, 0% used [0x00000000e0000000,0x00000000e0000000,0x00000000e8980000)
  from space 31232K, 98% used [0x00000000e8d80000,0x00000000eab97b60,0x00000000eac00000)
  to   space 52736K, 0% used [0x00000000ebd00000,0x00000000ebd00000,0x00000000ef080000)
 ParOldGen       total 151040K, used 112733K [0x00000000a0000000, 0x00000000a9380000, 0x00000000e0000000)
  object space 151040K, 74% used [0x00000000a0000000,0x00000000a6e17588,0x00000000a9380000)
 Metaspace       used 75559K, capacity 81578K, committed 81812K, reserved 1120256K
  class space    used 9915K, capacity 10814K, committed 10940K, reserved 1048576K
}
Event: 3158.399 GC heap before
{Heap before GC invocations=45 (full 3):
 PSYoungGen      total 172032K, used 171614K [0x00000000e0000000, 0x00000000ef080000, 0x0000000100000000)
  eden space 140800K, 100% used [0x00000000e0000000,0x00000000e8980000,0x00000000e8980000)
  from space 31232K, 98% used [0x00000000e8d80000,0x00000000eab97b60,0x00000000eac00000)
  to   space 52736K, 0% used [0x00000000ebd00000,0x00000000ebd00000,0x00000000ef080000)
 ParOldGen       total 151040K, used 112733K [0x00000000a0000000, 0x00000000a9380000, 0x00000000e0000000)
  object space 151040K, 74% used [0x00000000a0000000,0x00000000a6e17588,0x00000000a9380000)
 Metaspace       used 75611K, capacity 81596K, committed 81812K, reserved 1120256K
  class space    used 9916K, capacity 10817K, committed 10940K, reserved 1048576K
Event: 3158.409 GC heap after
Heap after GC invocations=45 (full 3):
 PSYoungGen      total 185344K, used 3297K [0x00000000e0000000, 0x00000000eec80000, 0x0000000100000000)
  eden space 136704K, 0% used [0x00000000e0000000,0x00000000e0000000,0x00000000e8580000)
  from space 48640K, 6% used [0x00000000ebd00000,0x00000000ec0386e0,0x00000000eec80000)
  to   space 52736K, 0% used [0x00000000e8580000,0x00000000e8580000,0x00000000eb900000)
 ParOldGen       total 151040K, used 112733K [0x00000000a0000000, 0x00000000a9380000, 0x00000000e0000000)
  object space 151040K, 74% used [0x00000000a0000000,0x00000000a6e17588,0x00000000a9380000)
 Metaspace       used 75611K, capacity 81596K, committed 81812K, reserved 1120256K
  class space    used 9916K, capacity 10817K, committed 10940K, reserved 1048576K
}

